<?xml version="1.0" encoding="UTF-8"?>
<testsuite xmlns:xsi="http://www.w3.org/2001/XMLSchema-instance" xsi:noNamespaceSchemaLocation="https://maven.apache.org/surefire/maven-surefire-plugin/xsd/surefire-test-report.xsd" name="com.getallevents.GetAllEventsServiceApplicationTests" time="0.315" tests="1" errors="1" skipped="0" failures="0">
  <properties>
    <property name="sun.desktop" value="windows"/>
    <property name="awt.toolkit" value="sun.awt.windows.WToolkit"/>
    <property name="java.specification.version" value="11"/>
    <property name="sun.cpu.isalist" value="amd64"/>
    <property name="sun.jnu.encoding" value="Cp1252"/>
    <property name="java.class.path" value="D:\jwtservices\get-all-events-service\target\test-classes;D:\jwtservices\get-all-events-service\target\classes;C:\MavenCompassRepro\org\springframework\boot\spring-boot-starter-data-jpa\2.7.1\spring-boot-starter-data-jpa-2.7.1.jar;C:\MavenCompassRepro\org\springframework\boot\spring-boot-starter-aop\2.7.1\spring-boot-starter-aop-2.7.1.jar;C:\MavenCompassRepro\org\aspectj\aspectjweaver\1.9.7\aspectjweaver-1.9.7.jar;C:\MavenCompassRepro\org\springframework\boot\spring-boot-starter-jdbc\2.7.1\spring-boot-starter-jdbc-2.7.1.jar;C:\MavenCompassRepro\com\zaxxer\HikariCP\4.0.3\HikariCP-4.0.3.jar;C:\MavenCompassRepro\org\springframework\spring-jdbc\5.3.21\spring-jdbc-5.3.21.jar;C:\MavenCompassRepro\jakarta\transaction\jakarta.transaction-api\1.3.3\jakarta.transaction-api-1.3.3.jar;C:\MavenCompassRepro\jakarta\persistence\jakarta.persistence-api\2.2.3\jakarta.persistence-api-2.2.3.jar;C:\MavenCompassRepro\org\hibernate\hibernate-core\5.6.9.Final\hibernate-core-5.6.9.Final.jar;C:\MavenCompassRepro\org\jboss\logging\jboss-logging\3.4.3.Final\jboss-logging-3.4.3.Final.jar;C:\MavenCompassRepro\net\bytebuddy\byte-buddy\1.12.11\byte-buddy-1.12.11.jar;C:\MavenCompassRepro\antlr\antlr\2.7.7\antlr-2.7.7.jar;C:\MavenCompassRepro\org\jboss\jandex\2.4.2.Final\jandex-2.4.2.Final.jar;C:\MavenCompassRepro\com\fasterxml\classmate\1.5.1\classmate-1.5.1.jar;C:\MavenCompassRepro\org\hibernate\common\hibernate-commons-annotations\5.1.2.Final\hibernate-commons-annotations-5.1.2.Final.jar;C:\MavenCompassRepro\org\glassfish\jaxb\jaxb-runtime\2.3.6\jaxb-runtime-2.3.6.jar;C:\MavenCompassRepro\org\glassfish\jaxb\txw2\2.3.6\txw2-2.3.6.jar;C:\MavenCompassRepro\com\sun\istack\istack-commons-runtime\3.0.12\istack-commons-runtime-3.0.12.jar;C:\MavenCompassRepro\com\sun\activation\jakarta.activation\1.2.2\jakarta.activation-1.2.2.jar;C:\MavenCompassRepro\org\springframework\data\spring-data-jpa\2.7.1\spring-data-jpa-2.7.1.jar;C:\MavenCompassRepro\org\springframework\data\spring-data-commons\2.7.1\spring-data-commons-2.7.1.jar;C:\MavenCompassRepro\org\springframework\spring-orm\5.3.21\spring-orm-5.3.21.jar;C:\MavenCompassRepro\org\springframework\spring-context\5.3.21\spring-context-5.3.21.jar;C:\MavenCompassRepro\org\springframework\spring-tx\5.3.21\spring-tx-5.3.21.jar;C:\MavenCompassRepro\org\springframework\spring-beans\5.3.21\spring-beans-5.3.21.jar;C:\MavenCompassRepro\org\slf4j\slf4j-api\1.7.36\slf4j-api-1.7.36.jar;C:\MavenCompassRepro\org\springframework\spring-aspects\5.3.21\spring-aspects-5.3.21.jar;C:\MavenCompassRepro\org\springframework\boot\spring-boot-starter-web\2.7.1\spring-boot-starter-web-2.7.1.jar;C:\MavenCompassRepro\org\springframework\boot\spring-boot-starter\2.7.1\spring-boot-starter-2.7.1.jar;C:\MavenCompassRepro\org\springframework\boot\spring-boot-starter-logging\2.7.1\spring-boot-starter-logging-2.7.1.jar;C:\MavenCompassRepro\ch\qos\logback\logback-classic\1.2.11\logback-classic-1.2.11.jar;C:\MavenCompassRepro\ch\qos\logback\logback-core\1.2.11\logback-core-1.2.11.jar;C:\MavenCompassRepro\org\apache\logging\log4j\log4j-to-slf4j\2.17.2\log4j-to-slf4j-2.17.2.jar;C:\MavenCompassRepro\org\apache\logging\log4j\log4j-api\2.17.2\log4j-api-2.17.2.jar;C:\MavenCompassRepro\org\slf4j\jul-to-slf4j\1.7.36\jul-to-slf4j-1.7.36.jar;C:\MavenCompassRepro\jakarta\annotation\jakarta.annotation-api\1.3.5\jakarta.annotation-api-1.3.5.jar;C:\MavenCompassRepro\org\yaml\snakeyaml\1.30\snakeyaml-1.30.jar;C:\MavenCompassRepro\org\springframework\boot\spring-boot-starter-json\2.7.1\spring-boot-starter-json-2.7.1.jar;C:\MavenCompassRepro\com\fasterxml\jackson\datatype\jackson-datatype-jdk8\2.13.3\jackson-datatype-jdk8-2.13.3.jar;C:\MavenCompassRepro\com\fasterxml\jackson\datatype\jackson-datatype-jsr310\2.13.3\jackson-datatype-jsr310-2.13.3.jar;C:\MavenCompassRepro\com\fasterxml\jackson\module\jackson-module-parameter-names\2.13.3\jackson-module-parameter-names-2.13.3.jar;C:\MavenCompassRepro\org\springframework\boot\spring-boot-starter-tomcat\2.7.1\spring-boot-starter-tomcat-2.7.1.jar;C:\MavenCompassRepro\org\apache\tomcat\embed\tomcat-embed-core\9.0.64\tomcat-embed-core-9.0.64.jar;C:\MavenCompassRepro\org\apache\tomcat\embed\tomcat-embed-websocket\9.0.64\tomcat-embed-websocket-9.0.64.jar;C:\MavenCompassRepro\org\springframework\spring-web\5.3.21\spring-web-5.3.21.jar;C:\MavenCompassRepro\org\springframework\spring-webmvc\5.3.21\spring-webmvc-5.3.21.jar;C:\MavenCompassRepro\org\springframework\spring-expression\5.3.21\spring-expression-5.3.21.jar;C:\MavenCompassRepro\org\projectlombok\lombok\1.18.24\lombok-1.18.24.jar;C:\MavenCompassRepro\org\springframework\boot\spring-boot-starter-validation\2.7.1\spring-boot-starter-validation-2.7.1.jar;C:\MavenCompassRepro\org\apache\tomcat\embed\tomcat-embed-el\9.0.64\tomcat-embed-el-9.0.64.jar;C:\MavenCompassRepro\org\hibernate\validator\hibernate-validator\6.2.3.Final\hibernate-validator-6.2.3.Final.jar;C:\MavenCompassRepro\jakarta\validation\jakarta.validation-api\2.0.2\jakarta.validation-api-2.0.2.jar;C:\MavenCompassRepro\org\springframework\boot\spring-boot-devtools\2.7.1\spring-boot-devtools-2.7.1.jar;C:\MavenCompassRepro\org\springframework\boot\spring-boot\2.7.1\spring-boot-2.7.1.jar;C:\MavenCompassRepro\org\springframework\boot\spring-boot-autoconfigure\2.7.1\spring-boot-autoconfigure-2.7.1.jar;C:\MavenCompassRepro\io\jsonwebtoken\jjwt-api\0.11.2\jjwt-api-0.11.2.jar;C:\MavenCompassRepro\io\jsonwebtoken\jjwt-impl\0.11.2\jjwt-impl-0.11.2.jar;C:\MavenCompassRepro\io\jsonwebtoken\jjwt-jackson\0.11.2\jjwt-jackson-0.11.2.jar;C:\MavenCompassRepro\com\fasterxml\jackson\core\jackson-databind\2.13.3\jackson-databind-2.13.3.jar;C:\MavenCompassRepro\com\fasterxml\jackson\core\jackson-annotations\2.13.3\jackson-annotations-2.13.3.jar;C:\MavenCompassRepro\com\fasterxml\jackson\core\jackson-core\2.13.3\jackson-core-2.13.3.jar;C:\MavenCompassRepro\org\springframework\boot\spring-boot-starter-security\2.7.1\spring-boot-starter-security-2.7.1.jar;C:\MavenCompassRepro\org\springframework\spring-aop\5.3.21\spring-aop-5.3.21.jar;C:\MavenCompassRepro\org\springframework\security\spring-security-config\5.7.2\spring-security-config-5.7.2.jar;C:\MavenCompassRepro\org\springframework\security\spring-security-core\5.7.2\spring-security-core-5.7.2.jar;C:\MavenCompassRepro\org\springframework\security\spring-security-crypto\5.7.2\spring-security-crypto-5.7.2.jar;C:\MavenCompassRepro\org\springframework\security\spring-security-web\5.7.2\spring-security-web-5.7.2.jar;C:\MavenCompassRepro\mysql\mysql-connector-java\8.0.29\mysql-connector-java-8.0.29.jar;C:\MavenCompassRepro\org\modelmapper\modelmapper\3.1.0\modelmapper-3.1.0.jar;C:\MavenCompassRepro\org\springframework\boot\spring-boot-starter-test\2.7.1\spring-boot-starter-test-2.7.1.jar;C:\MavenCompassRepro\org\springframework\boot\spring-boot-test\2.7.1\spring-boot-test-2.7.1.jar;C:\MavenCompassRepro\org\springframework\boot\spring-boot-test-autoconfigure\2.7.1\spring-boot-test-autoconfigure-2.7.1.jar;C:\MavenCompassRepro\com\jayway\jsonpath\json-path\2.7.0\json-path-2.7.0.jar;C:\MavenCompassRepro\net\minidev\json-smart\2.4.8\json-smart-2.4.8.jar;C:\MavenCompassRepro\net\minidev\accessors-smart\2.4.8\accessors-smart-2.4.8.jar;C:\MavenCompassRepro\org\ow2\asm\asm\9.1\asm-9.1.jar;C:\MavenCompassRepro\jakarta\xml\bind\jakarta.xml.bind-api\2.3.3\jakarta.xml.bind-api-2.3.3.jar;C:\MavenCompassRepro\jakarta\activation\jakarta.activation-api\1.2.2\jakarta.activation-api-1.2.2.jar;C:\MavenCompassRepro\org\assertj\assertj-core\3.22.0\assertj-core-3.22.0.jar;C:\MavenCompassRepro\org\hamcrest\hamcrest\2.2\hamcrest-2.2.jar;C:\MavenCompassRepro\org\junit\jupiter\junit-jupiter\5.8.2\junit-jupiter-5.8.2.jar;C:\MavenCompassRepro\org\junit\jupiter\junit-jupiter-api\5.8.2\junit-jupiter-api-5.8.2.jar;C:\MavenCompassRepro\org\opentest4j\opentest4j\1.2.0\opentest4j-1.2.0.jar;C:\MavenCompassRepro\org\junit\platform\junit-platform-commons\1.8.2\junit-platform-commons-1.8.2.jar;C:\MavenCompassRepro\org\apiguardian\apiguardian-api\1.1.2\apiguardian-api-1.1.2.jar;C:\MavenCompassRepro\org\junit\jupiter\junit-jupiter-params\5.8.2\junit-jupiter-params-5.8.2.jar;C:\MavenCompassRepro\org\junit\jupiter\junit-jupiter-engine\5.8.2\junit-jupiter-engine-5.8.2.jar;C:\MavenCompassRepro\org\junit\platform\junit-platform-engine\1.8.2\junit-platform-engine-1.8.2.jar;C:\MavenCompassRepro\org\mockito\mockito-core\4.5.1\mockito-core-4.5.1.jar;C:\MavenCompassRepro\net\bytebuddy\byte-buddy-agent\1.12.11\byte-buddy-agent-1.12.11.jar;C:\MavenCompassRepro\org\objenesis\objenesis\3.2\objenesis-3.2.jar;C:\MavenCompassRepro\org\mockito\mockito-junit-jupiter\4.5.1\mockito-junit-jupiter-4.5.1.jar;C:\MavenCompassRepro\org\skyscreamer\jsonassert\1.5.0\jsonassert-1.5.0.jar;C:\MavenCompassRepro\com\vaadin\external\google\android-json\0.0.20131108.vaadin1\android-json-0.0.20131108.vaadin1.jar;C:\MavenCompassRepro\org\springframework\spring-core\5.3.21\spring-core-5.3.21.jar;C:\MavenCompassRepro\org\springframework\spring-jcl\5.3.21\spring-jcl-5.3.21.jar;C:\MavenCompassRepro\org\springframework\spring-test\5.3.21\spring-test-5.3.21.jar;C:\MavenCompassRepro\org\xmlunit\xmlunit-core\2.9.0\xmlunit-core-2.9.0.jar;"/>
    <property name="java.vm.vendor" value="Oracle Corporation"/>
    <property name="sun.arch.data.model" value="64"/>
    <property name="user.variant" value=""/>
    <property name="java.vendor.url" value="https://openjdk.java.net/"/>
    <property name="user.timezone" value="Asia/Calcutta"/>
    <property name="java.vm.specification.version" value="11"/>
    <property name="os.name" value="Windows 10"/>
    <property name="sun.java.launcher" value="SUN_STANDARD"/>
    <property name="user.country" value="US"/>
    <property name="sun.boot.library.path" value="E:\jdk-11.0.8\bin"/>
    <property name="sun.java.command" value="C:\Users\RANJIT~1.E\AppData\Local\Temp\surefire14597527582712929763\surefirebooter1942894887597566941.jar C:\Users\ranjithkumar.e\AppData\Local\Temp\surefire14597527582712929763 2023-09-14T11-54-43_001-jvmRun1 surefire17872364885499973608tmp surefire_012629321083758239228tmp"/>
    <property name="jdk.debug" value="release"/>
    <property name="surefire.test.class.path" value="D:\jwtservices\get-all-events-service\target\test-classes;D:\jwtservices\get-all-events-service\target\classes;C:\MavenCompassRepro\org\springframework\boot\spring-boot-starter-data-jpa\2.7.1\spring-boot-starter-data-jpa-2.7.1.jar;C:\MavenCompassRepro\org\springframework\boot\spring-boot-starter-aop\2.7.1\spring-boot-starter-aop-2.7.1.jar;C:\MavenCompassRepro\org\aspectj\aspectjweaver\1.9.7\aspectjweaver-1.9.7.jar;C:\MavenCompassRepro\org\springframework\boot\spring-boot-starter-jdbc\2.7.1\spring-boot-starter-jdbc-2.7.1.jar;C:\MavenCompassRepro\com\zaxxer\HikariCP\4.0.3\HikariCP-4.0.3.jar;C:\MavenCompassRepro\org\springframework\spring-jdbc\5.3.21\spring-jdbc-5.3.21.jar;C:\MavenCompassRepro\jakarta\transaction\jakarta.transaction-api\1.3.3\jakarta.transaction-api-1.3.3.jar;C:\MavenCompassRepro\jakarta\persistence\jakarta.persistence-api\2.2.3\jakarta.persistence-api-2.2.3.jar;C:\MavenCompassRepro\org\hibernate\hibernate-core\5.6.9.Final\hibernate-core-5.6.9.Final.jar;C:\MavenCompassRepro\org\jboss\logging\jboss-logging\3.4.3.Final\jboss-logging-3.4.3.Final.jar;C:\MavenCompassRepro\net\bytebuddy\byte-buddy\1.12.11\byte-buddy-1.12.11.jar;C:\MavenCompassRepro\antlr\antlr\2.7.7\antlr-2.7.7.jar;C:\MavenCompassRepro\org\jboss\jandex\2.4.2.Final\jandex-2.4.2.Final.jar;C:\MavenCompassRepro\com\fasterxml\classmate\1.5.1\classmate-1.5.1.jar;C:\MavenCompassRepro\org\hibernate\common\hibernate-commons-annotations\5.1.2.Final\hibernate-commons-annotations-5.1.2.Final.jar;C:\MavenCompassRepro\org\glassfish\jaxb\jaxb-runtime\2.3.6\jaxb-runtime-2.3.6.jar;C:\MavenCompassRepro\org\glassfish\jaxb\txw2\2.3.6\txw2-2.3.6.jar;C:\MavenCompassRepro\com\sun\istack\istack-commons-runtime\3.0.12\istack-commons-runtime-3.0.12.jar;C:\MavenCompassRepro\com\sun\activation\jakarta.activation\1.2.2\jakarta.activation-1.2.2.jar;C:\MavenCompassRepro\org\springframework\data\spring-data-jpa\2.7.1\spring-data-jpa-2.7.1.jar;C:\MavenCompassRepro\org\springframework\data\spring-data-commons\2.7.1\spring-data-commons-2.7.1.jar;C:\MavenCompassRepro\org\springframework\spring-orm\5.3.21\spring-orm-5.3.21.jar;C:\MavenCompassRepro\org\springframework\spring-context\5.3.21\spring-context-5.3.21.jar;C:\MavenCompassRepro\org\springframework\spring-tx\5.3.21\spring-tx-5.3.21.jar;C:\MavenCompassRepro\org\springframework\spring-beans\5.3.21\spring-beans-5.3.21.jar;C:\MavenCompassRepro\org\slf4j\slf4j-api\1.7.36\slf4j-api-1.7.36.jar;C:\MavenCompassRepro\org\springframework\spring-aspects\5.3.21\spring-aspects-5.3.21.jar;C:\MavenCompassRepro\org\springframework\boot\spring-boot-starter-web\2.7.1\spring-boot-starter-web-2.7.1.jar;C:\MavenCompassRepro\org\springframework\boot\spring-boot-starter\2.7.1\spring-boot-starter-2.7.1.jar;C:\MavenCompassRepro\org\springframework\boot\spring-boot-starter-logging\2.7.1\spring-boot-starter-logging-2.7.1.jar;C:\MavenCompassRepro\ch\qos\logback\logback-classic\1.2.11\logback-classic-1.2.11.jar;C:\MavenCompassRepro\ch\qos\logback\logback-core\1.2.11\logback-core-1.2.11.jar;C:\MavenCompassRepro\org\apache\logging\log4j\log4j-to-slf4j\2.17.2\log4j-to-slf4j-2.17.2.jar;C:\MavenCompassRepro\org\apache\logging\log4j\log4j-api\2.17.2\log4j-api-2.17.2.jar;C:\MavenCompassRepro\org\slf4j\jul-to-slf4j\1.7.36\jul-to-slf4j-1.7.36.jar;C:\MavenCompassRepro\jakarta\annotation\jakarta.annotation-api\1.3.5\jakarta.annotation-api-1.3.5.jar;C:\MavenCompassRepro\org\yaml\snakeyaml\1.30\snakeyaml-1.30.jar;C:\MavenCompassRepro\org\springframework\boot\spring-boot-starter-json\2.7.1\spring-boot-starter-json-2.7.1.jar;C:\MavenCompassRepro\com\fasterxml\jackson\datatype\jackson-datatype-jdk8\2.13.3\jackson-datatype-jdk8-2.13.3.jar;C:\MavenCompassRepro\com\fasterxml\jackson\datatype\jackson-datatype-jsr310\2.13.3\jackson-datatype-jsr310-2.13.3.jar;C:\MavenCompassRepro\com\fasterxml\jackson\module\jackson-module-parameter-names\2.13.3\jackson-module-parameter-names-2.13.3.jar;C:\MavenCompassRepro\org\springframework\boot\spring-boot-starter-tomcat\2.7.1\spring-boot-starter-tomcat-2.7.1.jar;C:\MavenCompassRepro\org\apache\tomcat\embed\tomcat-embed-core\9.0.64\tomcat-embed-core-9.0.64.jar;C:\MavenCompassRepro\org\apache\tomcat\embed\tomcat-embed-websocket\9.0.64\tomcat-embed-websocket-9.0.64.jar;C:\MavenCompassRepro\org\springframework\spring-web\5.3.21\spring-web-5.3.21.jar;C:\MavenCompassRepro\org\springframework\spring-webmvc\5.3.21\spring-webmvc-5.3.21.jar;C:\MavenCompassRepro\org\springframework\spring-expression\5.3.21\spring-expression-5.3.21.jar;C:\MavenCompassRepro\org\projectlombok\lombok\1.18.24\lombok-1.18.24.jar;C:\MavenCompassRepro\org\springframework\boot\spring-boot-starter-validation\2.7.1\spring-boot-starter-validation-2.7.1.jar;C:\MavenCompassRepro\org\apache\tomcat\embed\tomcat-embed-el\9.0.64\tomcat-embed-el-9.0.64.jar;C:\MavenCompassRepro\org\hibernate\validator\hibernate-validator\6.2.3.Final\hibernate-validator-6.2.3.Final.jar;C:\MavenCompassRepro\jakarta\validation\jakarta.validation-api\2.0.2\jakarta.validation-api-2.0.2.jar;C:\MavenCompassRepro\org\springframework\boot\spring-boot-devtools\2.7.1\spring-boot-devtools-2.7.1.jar;C:\MavenCompassRepro\org\springframework\boot\spring-boot\2.7.1\spring-boot-2.7.1.jar;C:\MavenCompassRepro\org\springframework\boot\spring-boot-autoconfigure\2.7.1\spring-boot-autoconfigure-2.7.1.jar;C:\MavenCompassRepro\io\jsonwebtoken\jjwt-api\0.11.2\jjwt-api-0.11.2.jar;C:\MavenCompassRepro\io\jsonwebtoken\jjwt-impl\0.11.2\jjwt-impl-0.11.2.jar;C:\MavenCompassRepro\io\jsonwebtoken\jjwt-jackson\0.11.2\jjwt-jackson-0.11.2.jar;C:\MavenCompassRepro\com\fasterxml\jackson\core\jackson-databind\2.13.3\jackson-databind-2.13.3.jar;C:\MavenCompassRepro\com\fasterxml\jackson\core\jackson-annotations\2.13.3\jackson-annotations-2.13.3.jar;C:\MavenCompassRepro\com\fasterxml\jackson\core\jackson-core\2.13.3\jackson-core-2.13.3.jar;C:\MavenCompassRepro\org\springframework\boot\spring-boot-starter-security\2.7.1\spring-boot-starter-security-2.7.1.jar;C:\MavenCompassRepro\org\springframework\spring-aop\5.3.21\spring-aop-5.3.21.jar;C:\MavenCompassRepro\org\springframework\security\spring-security-config\5.7.2\spring-security-config-5.7.2.jar;C:\MavenCompassRepro\org\springframework\security\spring-security-core\5.7.2\spring-security-core-5.7.2.jar;C:\MavenCompassRepro\org\springframework\security\spring-security-crypto\5.7.2\spring-security-crypto-5.7.2.jar;C:\MavenCompassRepro\org\springframework\security\spring-security-web\5.7.2\spring-security-web-5.7.2.jar;C:\MavenCompassRepro\mysql\mysql-connector-java\8.0.29\mysql-connector-java-8.0.29.jar;C:\MavenCompassRepro\org\modelmapper\modelmapper\3.1.0\modelmapper-3.1.0.jar;C:\MavenCompassRepro\org\springframework\boot\spring-boot-starter-test\2.7.1\spring-boot-starter-test-2.7.1.jar;C:\MavenCompassRepro\org\springframework\boot\spring-boot-test\2.7.1\spring-boot-test-2.7.1.jar;C:\MavenCompassRepro\org\springframework\boot\spring-boot-test-autoconfigure\2.7.1\spring-boot-test-autoconfigure-2.7.1.jar;C:\MavenCompassRepro\com\jayway\jsonpath\json-path\2.7.0\json-path-2.7.0.jar;C:\MavenCompassRepro\net\minidev\json-smart\2.4.8\json-smart-2.4.8.jar;C:\MavenCompassRepro\net\minidev\accessors-smart\2.4.8\accessors-smart-2.4.8.jar;C:\MavenCompassRepro\org\ow2\asm\asm\9.1\asm-9.1.jar;C:\MavenCompassRepro\jakarta\xml\bind\jakarta.xml.bind-api\2.3.3\jakarta.xml.bind-api-2.3.3.jar;C:\MavenCompassRepro\jakarta\activation\jakarta.activation-api\1.2.2\jakarta.activation-api-1.2.2.jar;C:\MavenCompassRepro\org\assertj\assertj-core\3.22.0\assertj-core-3.22.0.jar;C:\MavenCompassRepro\org\hamcrest\hamcrest\2.2\hamcrest-2.2.jar;C:\MavenCompassRepro\org\junit\jupiter\junit-jupiter\5.8.2\junit-jupiter-5.8.2.jar;C:\MavenCompassRepro\org\junit\jupiter\junit-jupiter-api\5.8.2\junit-jupiter-api-5.8.2.jar;C:\MavenCompassRepro\org\opentest4j\opentest4j\1.2.0\opentest4j-1.2.0.jar;C:\MavenCompassRepro\org\junit\platform\junit-platform-commons\1.8.2\junit-platform-commons-1.8.2.jar;C:\MavenCompassRepro\org\apiguardian\apiguardian-api\1.1.2\apiguardian-api-1.1.2.jar;C:\MavenCompassRepro\org\junit\jupiter\junit-jupiter-params\5.8.2\junit-jupiter-params-5.8.2.jar;C:\MavenCompassRepro\org\junit\jupiter\junit-jupiter-engine\5.8.2\junit-jupiter-engine-5.8.2.jar;C:\MavenCompassRepro\org\junit\platform\junit-platform-engine\1.8.2\junit-platform-engine-1.8.2.jar;C:\MavenCompassRepro\org\mockito\mockito-core\4.5.1\mockito-core-4.5.1.jar;C:\MavenCompassRepro\net\bytebuddy\byte-buddy-agent\1.12.11\byte-buddy-agent-1.12.11.jar;C:\MavenCompassRepro\org\objenesis\objenesis\3.2\objenesis-3.2.jar;C:\MavenCompassRepro\org\mockito\mockito-junit-jupiter\4.5.1\mockito-junit-jupiter-4.5.1.jar;C:\MavenCompassRepro\org\skyscreamer\jsonassert\1.5.0\jsonassert-1.5.0.jar;C:\MavenCompassRepro\com\vaadin\external\google\android-json\0.0.20131108.vaadin1\android-json-0.0.20131108.vaadin1.jar;C:\MavenCompassRepro\org\springframework\spring-core\5.3.21\spring-core-5.3.21.jar;C:\MavenCompassRepro\org\springframework\spring-jcl\5.3.21\spring-jcl-5.3.21.jar;C:\MavenCompassRepro\org\springframework\spring-test\5.3.21\spring-test-5.3.21.jar;C:\MavenCompassRepro\org\xmlunit\xmlunit-core\2.9.0\xmlunit-core-2.9.0.jar;"/>
    <property name="sun.cpu.endian" value="little"/>
    <property name="user.home" value="C:\Users\ranjithkumar.e"/>
    <property name="user.language" value="en"/>
    <property name="java.specification.vendor" value="Oracle Corporation"/>
    <property name="java.version.date" value="2020-07-14"/>
    <property name="java.home" value="E:\jdk-11.0.8"/>
    <property name="file.separator" value="\"/>
    <property name="style.color" value="always"/>
    <property name="basedir" value="D:\jwtservices\get-all-events-service"/>
    <property name="java.vm.compressedOopsMode" value="32-bit"/>
    <property name="line.separator" value="&#10;"/>
    <property name="java.specification.name" value="Java Platform API Specification"/>
    <property name="java.vm.specification.vendor" value="Oracle Corporation"/>
    <property name="java.awt.graphicsenv" value="sun.awt.Win32GraphicsEnvironment"/>
    <property name="surefire.real.class.path" value="C:\Users\RANJIT~1.E\AppData\Local\Temp\surefire14597527582712929763\surefirebooter1942894887597566941.jar"/>
    <property name="user.script" value=""/>
    <property name="sun.management.compiler" value="HotSpot 64-Bit Tiered Compilers"/>
    <property name="java.runtime.version" value="11.0.8+10-LTS"/>
    <property name="user.name" value="ranjithkumar.e"/>
    <property name="path.separator" value=";"/>
    <property name="os.version" value="10.0"/>
    <property name="java.runtime.name" value="Java(TM) SE Runtime Environment"/>
    <property name="file.encoding" value="Cp1252"/>
    <property name="java.vm.name" value="Java HotSpot(TM) 64-Bit Server VM"/>
    <property name="java.vendor.version" value="18.9"/>
    <property name="localRepository" value="C:\MavenCompassRepro"/>
    <property name="java.vendor.url.bug" value="https://bugreport.java.com/bugreport/"/>
    <property name="java.io.tmpdir" value="C:\Users\RANJIT~1.E\AppData\Local\Temp\"/>
    <property name="java.version" value="11.0.8"/>
    <property name="user.dir" value="D:\jwtservices\get-all-events-service"/>
    <property name="os.arch" value="amd64"/>
    <property name="java.vm.specification.name" value="Java Virtual Machine Specification"/>
    <property name="java.awt.printerjob" value="sun.awt.windows.WPrinterJob"/>
    <property name="sun.os.patch.level" value=""/>
    <property name="java.library.path" value="E:\jdk-11.0.8\bin;C:\Windows\Sun\Java\bin;C:\Windows\system32;C:\Windows;C:/Program Files/Java/jre1.8.0_341/bin/server;C:/Program Files/Java/jre1.8.0_341/bin;C:/Program Files/Java/jre1.8.0_341/lib/amd64;C:\Program Files\Common Files\Oracle\Java\javapath;C:\Program Files (x86)\Common Files\Oracle\Java\javapath;C:\Windows\system32;C:\Windows;C:\Windows\System32\Wbem;C:\Windows\System32\WindowsPowerShell\v1.0\;C:\Windows\System32\OpenSSH\;C:\Program Files\TortoiseSVN\bin;C:\Program Files (x86)\Microsoft SQL Server\130\Tools\Binn\;C:\Program Files\Microsoft SQL Server\130\Tools\Binn\;C:\Program Files (x86)\Microsoft SQL Server\130\DTS\Binn\;C:\Program Files\Microsoft SQL Server\130\DTS\Binn\;C:\Program Files\Microsoft SQL Server\Client SDK\ODBC\130\Tools\Binn\;C:\Program Files (x86)\Microsoft SQL Server\Client SDK\ODBC\130\Tools\Binn\;C:\Program Files (x86)\Microsoft SQL Server\130\Tools\Binn\ManagementStudio\;C:\Program Files\Java\jdk-11.0.16\bin;C:\Program Files\Git\cmd;C:\Program Files\TortoiseGit\bin;C:\apache-maven-3.8.6\bin;;C:\Program Files\Docker\Docker\resources\bin;C:\Users\ranjithkumar.e\AppData\Local\Microsoft\WindowsApps;C:\Users\ranjithkumar.e\AppData\Local\Programs\Git\cmd;E:\Software\sts-bundle\sts-3.9.10.RELEASE;;."/>
    <property name="java.vendor" value="Oracle Corporation"/>
    <property name="java.vm.info" value="mixed mode"/>
    <property name="java.vm.version" value="11.0.8+10-LTS"/>
    <property name="sun.io.unicode.encoding" value="UnicodeLittle"/>
    <property name="java.class.version" value="55.0"/>
  </properties>
  <testcase name="com.getallevents.GetAllEventsServiceApplicationTests" classname="com.getallevents.GetAllEventsServiceApplicationTests" time="0.313">
    <error message="Unable to find a @SpringBootConfiguration, you need to use @ContextConfiguration or @SpringBootTest(classes=...) with your test" type="java.lang.IllegalStateException">java.lang.IllegalStateException: Unable to find a @SpringBootConfiguration, you need to use @ContextConfiguration or @SpringBootTest(classes=...) with your test
</error>
    <system-out><![CDATA[11:54:45.031 [main] DEBUG org.springframework.test.context.BootstrapUtils - Instantiating CacheAwareContextLoaderDelegate from class [org.springframework.test.context.cache.DefaultCacheAwareContextLoaderDelegate]
11:54:45.041 [main] DEBUG org.springframework.test.context.BootstrapUtils - Instantiating BootstrapContext using constructor [public org.springframework.test.context.support.DefaultBootstrapContext(java.lang.Class,org.springframework.test.context.CacheAwareContextLoaderDelegate)]
11:54:45.090 [main] DEBUG org.springframework.test.context.BootstrapUtils - Instantiating TestContextBootstrapper for test class [com.getallevents.GetAllEventsServiceApplicationTests] from class [org.springframework.boot.test.context.SpringBootTestContextBootstrapper]
11:54:45.107 [main] INFO org.springframework.boot.test.context.SpringBootTestContextBootstrapper - Neither @ContextConfiguration nor @ContextHierarchy found for test class [com.getallevents.GetAllEventsServiceApplicationTests], using SpringBootContextLoader
11:54:45.112 [main] DEBUG org.springframework.test.context.support.AbstractContextLoader - Did not detect default resource location for test class [com.getallevents.GetAllEventsServiceApplicationTests]: class path resource [com/getallevents/GetAllEventsServiceApplicationTests-context.xml] does not exist
11:54:45.112 [main] DEBUG org.springframework.test.context.support.AbstractContextLoader - Did not detect default resource location for test class [com.getallevents.GetAllEventsServiceApplicationTests]: class path resource [com/getallevents/GetAllEventsServiceApplicationTestsContext.groovy] does not exist
11:54:45.113 [main] INFO org.springframework.test.context.support.AbstractContextLoader - Could not detect default resource locations for test class [com.getallevents.GetAllEventsServiceApplicationTests]: no resource found for suffixes {-context.xml, Context.groovy}.
11:54:45.113 [main] INFO org.springframework.test.context.support.AnnotationConfigContextLoaderUtils - Could not detect default configuration classes for test class [com.getallevents.GetAllEventsServiceApplicationTests]: GetAllEventsServiceApplicationTests does not declare any static, non-private, non-final, nested classes annotated with @Configuration.
11:54:45.174 [main] DEBUG org.springframework.test.context.support.ActiveProfilesUtils - Could not find an 'annotation declaring class' for annotation type [org.springframework.test.context.ActiveProfiles] and class [com.getallevents.GetAllEventsServiceApplicationTests]
]]></system-out>
  </testcase>
</testsuite>